[Desc]Get CItemData ID: 2017 fails. 
[Desc]Get CItemData ID: 2017 fails. 
[Desc]ERROR!! Mission[3435] AcceptCommand[AcceptSRA 1 11] is incorrect
 
[Desc]NPCList.ini <資料重複!! ID=304020> 
[Desc]Weapon.ini <資料重複!! ID=95005> 
[Desc]Weapon.ini <資料重複!! ID=30313> 
[Desc]Weapon.ini <資料重複!! ID=30396> 
[Desc]Weapon.ini <資料重複!! ID=30166> 
[Desc]Weapon.ini <資料重複!! ID=30167> 
[Desc]Weapon.ini <資料重複!! ID=30418> 
[Desc]Weapon.ini <資料重複!! ID=30419> 
[Desc]Weapon.ini <資料重複!! ID=30420> 
[Desc]Weapon.ini <資料重複!! ID=30421> 
[Desc]Weapon.ini <資料重複!! ID=30422> 
[Desc]Weapon.ini <資料重複!! ID=30423> 
[Desc]Weapon.ini <資料重複!! ID=30424> 
[Desc]Weapon.ini <資料重複!! ID=30425> 
[Desc]Weapon.ini <資料重複!! ID=30426> 
[Desc]Weapon.ini <資料重複!! ID=30427> 
[Desc]Weapon.ini <資料重複!! ID=30352> 
[Desc]Node[1] 格式不符!! 找不到標籤"[color_correction]" (s001.ini) 
[Desc]Node[2] 格式不符!! 找不到標籤"[color_correction]" (s002.ini) 
[Desc]Node[3] 格式不符!! 找不到標籤"[color_correction]" (s003.ini) 
[Desc]Node[4] 格式不符!! 找不到標籤"[color_correction]" (s004.ini) 
[Desc]Node[5] 格式不符!! 找不到標籤"[color_correction]" (S005.ini) 
[Desc]Node[6] 格式不符!! 找不到標籤"[color_correction]" (S006.ini) 
[Desc]Node[7] LoadGateway<資料重複>!! ID=31 
[Desc]Node[7] LoadEventArea(GATEWAY)<資料重複>!! ID=41 
[Desc]Node[7] 格式不符!! 找不到標籤"[color_correction]" (S007.ini) 
[Desc]Node[8] 格式不符!! 找不到標籤"[color_correction]" (S008.ini) 
[Desc]Node[9] 格式不符!! 找不到標籤"[color_correction]" (S009.ini) 
[Desc]Node[10] 格式不符!! 找不到標籤"[color_correction]" (S010.ini) 
[Desc]Node[11] 格式不符!! 找不到標籤"[color_correction]" (S011.ini) 
[Desc]Node[12] 格式不符!! 找不到標籤"[color_correction]" (S012.ini) 
[Desc]Node[13] 格式不符!! 找不到標籤"[color_correction]" (S013.ini) 
[Desc]Node[14] 格式不符!! 找不到標籤"[color_correction]" (S014.ini) 
[Desc]Node[15] 格式不符!! 找不到標籤"[color_correction]" (S015.ini) 
[Desc]Node[16] 格式不符!! 找不到標籤"[color_correction]" (S016.ini) 
[Desc]Node[19] 格式不符!! 找不到標籤"[color_correction]" (S019.ini) 
[Desc]Node[20] 格式不符!! 找不到標籤"[color_correction]" (S020.ini) 
[Desc]Node[21] 格式不符!! 找不到標籤"[color_correction]" (S021.ini) 
[Desc]Node[22] 格式不符!! 找不到標籤"[color_correction]" (S022.ini) 
[Desc]Node[23] 格式不符!! 找不到標籤"[color_correction]" (S023.ini) 
[Desc]Node[24] 格式不符!! 找不到標籤"[color_correction]" (S024.ini) 
[Desc]Node[25] 格式不符!! 找不到標籤"[color_correction]" (S025.ini) 
[Desc]Node[26] 格式不符!! 找不到標籤"[color_correction]" (S026.ini) 
[Desc]Node[27] 格式不符!! 找不到標籤"[color_correction]" (S027.ini) 
[Desc]Node[28] 格式不符!! 找不到標籤"[color_correction]" (S028.ini) 
[Desc]Node[29] 格式不符!! 找不到標籤"[color_correction]" (S029.ini) 
[Desc]Node[30] 格式不符!! 找不到標籤"[color_correction]" (S030.ini) 
[Desc]Node[31] 格式不符!! 找不到標籤"[color_correction]" (S031.ini) 
[Desc]Node[32] 格式不符!! 找不到標籤"[color_correction]" (S032.ini) 
[Desc]Node[33] 格式不符!! 找不到標籤"[color_correction]" (S033.ini) 
[Desc]Node[34] 格式不符!! 找不到標籤"[color_correction]" (S034.ini) 
[Desc]Node[36] 格式不符!! 找不到標籤"[color_correction]" (S036.ini) 
[Desc]Node[37] 格式不符!! 找不到標籤"[color_correction]" (S037.ini) 
[Desc]Node[38] 格式不符!! 找不到標籤"[color_correction]" (S038.ini) 
[Desc]Node[41] 格式不符!! 找不到標籤"[color_correction]" (S041.ini) 
[Desc]Node[42] 格式不符!! 找不到標籤"[color_correction]" (S042.ini) 
[Desc]Node[43] 格式不符!! 找不到標籤"[color_correction]" (S043.ini) 
[Desc]Node[44] 格式不符!! 找不到標籤"[color_correction]" (S044.ini) 
[Desc]Node[45] 格式不符!! 找不到標籤"[color_correction]" (S045.ini) 
[Desc]Node[47] 格式不符!! 找不到標籤"[color_correction]" (S047.ini) 
[Desc]Node[49] 格式不符!! 找不到標籤"[color_correction]" (S049.ini) 
[Desc]Node[50] 格式不符!! 找不到標籤"[color_correction]" (S050.ini) 
[Desc]Node[51] 格式不符!! 找不到標籤"[color_correction]" (S051.ini) 
[Desc]Node[52] 格式不符!! 找不到標籤"[color_correction]" (S052.ini) 
[Desc]Node[53] 格式不符!! 找不到標籤"[color_correction]" (S053.ini) 
[Desc]Node[54] 格式不符!! 找不到標籤"[color_correction]" (s054.ini) 
[Desc]Node[55] 格式不符!! 找不到標籤"[color_correction]" (S055.ini) 
[Desc]Node[57] 格式不符!! 找不到標籤"[color_correction]" (S057.ini) 
[Desc]Node[93] 格式不符!! 找不到標籤"[color_correction]" (S093.ini) 
[Desc]Node[94] 格式不符!! 找不到標籤"[color_correction]" (S094.ini) 
[Desc]Node[95] 格式不符!! 找不到標籤"[color_correction]" (S095.ini) 
[Desc]Node[96] 格式不符!! 找不到標籤"[color_correction]" (s096.ini) 
[Desc]Node[97] 格式不符!! 找不到標籤"[color_correction]" (S097.ini) 
[Desc]Node[127] 格式不符!! 找不到標籤"[color_correction]" (S127.ini) 
[Desc]Node[129] 格式不符!! 找不到標籤"[color_correction]" (S129.ini) 
[Desc]Node[130] 格式不符!! 找不到標籤"[color_correction]" (S130.ini) 
[Desc]Node[131] 格式不符!! 找不到標籤"[color_correction]" (S131.ini) 
[Desc]Node[132] 格式不符!! 找不到標籤"[color_correction]" (S132.ini) 
[Desc]Node[133] 格式不符!! 找不到標籤"[color_correction]" (S133.ini) 
[Desc]Node[134] 格式不符!! 找不到標籤"[color_correction]" (S134.ini) 
[Desc]Node[135] 格式不符!! 找不到標籤"[color_correction]" (S135.ini) 
[Desc]Node[136] 格式不符!! 找不到標籤"[color_correction]" (S136.ini) 
[Desc]Node[137] 格式不符!! 找不到標籤"[color_correction]" (S137.ini) 
[Desc]Node[176] 格式不符!! 找不到標籤"[color_correction]" (S176.ini) 
[Desc]Node[177] 格式不符!! 找不到標籤"[color_correction]" (S177.ini) 
[Desc]Node[178] 格式不符!! 找不到標籤"[color_correction]" (S178.ini) 
[Desc]Node[179] 格式不符!! 找不到標籤"[color_correction]" (S179.ini) 
[Desc]Node[180] 格式不符!! 找不到標籤"[color_correction]" (S180.ini) 
[Desc]Node[181] 格式不符!! 找不到標籤"[color_correction]" (S181.ini) 
[Desc]Node[182] 格式不符!! 找不到標籤"[color_correction]" (S182.ini) 
[Desc]Node[183] 格式不符!! 找不到標籤"[color_correction]" (S183.ini) 
[Desc]Node[184] 格式不符!! 找不到標籤"[color_correction]" (S184.ini) 
[Desc]Node[185] 格式不符!! 找不到標籤"[color_correction]" (S185.ini) 
[Desc]Node[186] 格式不符!! 找不到標籤"[color_correction]" (S186.ini) 
[Desc]Node[187] 格式不符!! 找不到標籤"[color_correction]" (S187.ini) 
[Desc]Node[188] 格式不符!! 找不到標籤"[color_correction]" (S188.ini) 
[Desc]Node[189] 格式不符!! 找不到標籤"[color_correction]" (S189.ini) 
[Desc]Node[190] 格式不符!! 找不到標籤"[color_correction]" (S190.ini) 
[Desc]Node[191] 格式不符!! 找不到標籤"[color_correction]" (S191.ini) 
[Desc]Node[192] 格式不符!! 找不到標籤"[color_correction]" (S192.ini) 
[Desc]Node[193] 格式不符!! 找不到標籤"[color_correction]" (S193.ini) 
[Desc]Node[195] 格式不符!! 找不到標籤"[color_correction]" (s195.ini) 
[Desc]Node[196] 格式不符!! 找不到標籤"[color_correction]" (s196.ini) 
[Desc]Node[197] 格式不符!! 找不到標籤"[color_correction]" (s197.ini) 
[Desc]Node[217] 格式不符!! 找不到標籤"[color_correction]" (S217.ini) 
[Desc]Node[218] 格式不符!! 找不到標籤"[color_correction]" (S218.ini) 
[Desc]Node[219] 格式不符!! 找不到標籤"[color_correction]" (S219.ini) 
[Desc]Node[220] 格式不符!! 找不到標籤"[color_correction]" (S220.ini) 
[Desc]Node[221] 格式不符!! 找不到標籤"[color_correction]" (S221.ini) 
[Desc]Node[222] 格式不符!! 找不到標籤"[color_correction]" (S222.ini) 
[Desc]Node[223] 格式不符!! 找不到標籤"[color_correction]" (S223.ini) 
[Desc]Node[224] 格式不符!! 找不到標籤"[color_correction]" (s224.ini) 
[Desc]Node[225] 格式不符!! 找不到標籤"[color_correction]" (S225.ini) 
[Desc]Node[226] 格式不符!! 找不到標籤"[color_correction]" (S226.ini) 
[Desc]Node[227] 格式不符!! 找不到標籤"[color_correction]" (S227.ini) 
[Desc]Node[232] 格式不符!! 找不到標籤"[color_correction]" (S232.ini) 
[Desc]Node[284] 格式不符!! 找不到標籤"[color_correction]" (S284.ini) 
[Desc]Node[285] 格式不符!! 找不到標籤"[color_correction]" (S285.ini) 
[Desc]Node[310] 格式不符!! 找不到標籤"[color_correction]" (S310.ini) 
[Desc]Node[311] 格式不符!! 找不到標籤"[color_correction]" (S311.ini) 
[Desc]Node[312] 格式不符!! 找不到標籤"[color_correction]" (S312.ini) 
[Desc]Node[313] 格式不符!! 找不到標籤"[color_correction]" (S313.ini) 
[Desc]Node[320] 格式不符!! 找不到標籤"[color_correction]" (S320.ini) 
[Desc]Node[321] 格式不符!! 找不到標籤"[color_correction]" (S321.ini) 
[Desc]Node[406] 格式不符!! 找不到標籤"[color_correction]" (S406.ini) 
[Desc]Node[407] 格式不符!! 找不到標籤"[color_correction]" (S407.ini) 
[Desc]Node[501] 格式不符!! 找不到標籤"[color_correction]" (S501.ini) 
[Desc]Node[502] 格式不符!! 找不到標籤"[color_correction]" (S502.ini) 
[Desc]Node[599] 格式不符!! 找不到標籤"[color_correction]" (S599.ini) 
[Desc]Node[609] 格式不符!! 找不到標籤"[color_correction]" (s609.ini) 
[Desc]Node[612] 格式不符!! 找不到標籤"[color_correction]" (s612.ini) 
[Desc]Node[614] 格式不符!! 找不到標籤"[color_correction]" (s614.ini) 
[Desc]Node[626] 格式不符!! 找不到標籤"[color_correction]" (s626.ini) 
[Desc]Node[636] 格式不符!! 找不到標籤"[color_correction]" (s636.ini) 
[Desc]Node[639] 格式不符!! 找不到標籤"[color_correction]" (s639.ini) 
[Desc]Node[645] 格式不符!! 找不到標籤"[color_correction]" (S645.ini) 
[Desc]Node[646] 格式不符!! 找不到標籤"[color_correction]" (S646.ini) 
[Desc]Node[647] 格式不符!! 找不到標籤"[color_correction]" (S647.ini) 
[Desc]Node[648] 格式不符!! 找不到標籤"[color_correction]" (S648.ini) 
[Desc]Node[649] 格式不符!! 找不到標籤"[color_correction]" (S649.ini) 
[Desc]Node[650] 格式不符!! 找不到標籤"[color_correction]" (S650.ini) 
[Desc]Node[655] 格式不符!! 找不到標籤"[color_correction]" (S655.ini) 
[Desc]Node[656] 格式不符!! 找不到標籤"[color_correction]" (S656.ini) 
[Desc]Node[657] 格式不符!! 找不到標籤"[color_correction]" (S657.ini) 
[Desc]Node[658] 格式不符!! 找不到標籤"[color_correction]" (S658.ini) 
[Desc]Node[659] 格式不符!! 找不到標籤"[color_correction]" (s659.ini) 
[Desc]Node[660] 格式不符!! 找不到標籤"[color_correction]" (S660.ini) 
[Desc]Node[661] 格式不符!! 找不到標籤"[color_correction]" (S661.ini) 
[Desc]Node[662] 格式不符!! 找不到標籤"[color_correction]" (S662.ini) 
[Desc]Node[663] 格式不符!! 找不到標籤"[color_correction]" (s663.ini) 
[Desc]Node[664] 格式不符!! 找不到標籤"[color_correction]" (S664.ini) 
[Desc]Node[665] 格式不符!! 找不到標籤"[color_correction]" (S665.ini) 
[Desc]Node[666] 格式不符!! 找不到標籤"[color_correction]" (S666.ini) 
[Desc]Node[667] 格式不符!! 找不到標籤"[color_correction]" (S667.ini) 
[Desc]Node[668] 格式不符!! 找不到標籤"[color_correction]" (S668.ini) 
[Desc]Node[669] 格式不符!! 找不到標籤"[color_correction]" (s669.ini) 
[Desc]Node[670] 格式不符!! 找不到標籤"[color_correction]" (S670.ini) 
[Desc]Node[671] 格式不符!! 找不到標籤"[color_correction]" (S671.ini) 
[Desc]Node[672] 格式不符!! 找不到標籤"[color_correction]" (S672.ini) 
[Desc]Node[673] 格式不符!! 找不到標籤"[color_correction]" (S673.ini) 
[Desc]Node[674] 格式不符!! 找不到標籤"[color_correction]" (S674.ini) 
[Desc]Node[675] 格式不符!! 找不到標籤"[color_correction]" (s675.ini) 
[Desc]Node[678] 格式不符!! 找不到標籤"[color_correction]" (S678.ini) 
[Desc]Node[680] 格式不符!! 找不到標籤"[color_correction]" (S680.ini) 
[Desc]Node[682] 格式不符!! 找不到標籤"[color_correction]" (S682.ini) 
[Desc]Node[683] 格式不符!! 找不到標籤"[color_correction]" (S683.ini) 
[Desc]Node[684] 格式不符!! 找不到標籤"[color_correction]" (S684.ini) 
[Desc]Node[701] 格式不符!! 找不到標籤"[color_correction]" (S701.ini) 
[Desc]Node[703] 格式不符!! 找不到標籤"[color_correction]" (S703.ini) 
[Desc]Node[722] 格式不符!! 找不到標籤"[color_correction]" (S722.ini) 
[Desc]Node[744] 格式不符!! 找不到標籤"[color_correction]" (s744.ini) 
[Desc]Node[745] 格式不符!! 找不到標籤"[color_correction]" (s745.ini) 
[Desc]Node[746] 格式不符!! 找不到標籤"[color_correction]" (S746.ini) 
[Desc]Node[747] 格式不符!! 找不到標籤"[color_correction]" (S747.ini) 
[Desc]Node[748] 格式不符!! 找不到標籤"[color_correction]" (S748.ini) 
[Desc]Node[749] 格式不符!! 找不到標籤"[color_correction]" (S749.ini) 
[Desc]Node[750] 格式不符!! 找不到標籤"[color_correction]" (S750.ini) 
[Desc]Node[751] 格式不符!! 找不到標籤"[color_correction]" (S751.ini) 
[Desc]Node[752] 格式不符!! 找不到標籤"[color_correction]" (S752.ini) 
[Desc]Node[753] 格式不符!! 找不到標籤"[color_correction]" (S753.ini) 
[Desc]Node[754] 格式不符!! 找不到標籤"[color_correction]" (S754.ini) 
[Desc]Node[755] 格式不符!! 找不到標籤"[color_correction]" (S755.ini) 
[Desc]Node[756] 格式不符!! 找不到標籤"[color_correction]" (S756.ini) 
[Desc]Node[757] 格式不符!! 找不到標籤"[color_correction]" (S757.ini) 
[Desc]Node[758] 格式不符!! 找不到標籤"[color_correction]" (S758.ini) 
[Desc]Node[759] 格式不符!! 找不到標籤"[color_correction]" (S759.ini) 
[Desc]Node[760] 格式不符!! 找不到標籤"[color_correction]" (S760.ini) 
[Desc]Node[761] 格式不符!! 找不到標籤"[color_correction]" (S761.ini) 
[Desc]Node[762] 格式不符!! 找不到標籤"[color_correction]" (S762.ini) 
[Desc]Node[763] 格式不符!! 找不到標籤"[color_correction]" (S763.ini) 
[Desc]Node[764] 格式不符!! 找不到標籤"[color_correction]" (S764.ini) 
[Desc]Node[765] 格式不符!! 找不到標籤"[color_correction]" (S765.ini) 
[Desc]Node[766] 格式不符!! 找不到標籤"[color_correction]" (S766.ini) 
[Desc]Node[766] 格式不符!! 找不到標籤"
[dynamic_block]" (S766.ini) 
[Desc]Node[767] 格式不符!! 找不到標籤"[color_correction]" (S767.ini) 
[Desc]Node[768] 格式不符!! 找不到標籤"[color_correction]" (S768.ini) 
[Desc]Node[769] 格式不符!! 找不到標籤"[color_correction]" (S769.ini) 
[Desc]Node[770] 格式不符!! 找不到標籤"[color_correction]" (S770.ini) 
[Desc]Node[771] 格式不符!! 找不到標籤"[color_correction]" (S771.ini) 
[Desc]Node[772] 格式不符!! 找不到標籤"[color_correction]" (S772.ini) 
[Desc]Node[773] 格式不符!! 找不到標籤"[color_correction]" (S773.ini) 
[Desc]Node[774] 格式不符!! 找不到標籤"[color_correction]" (s774.ini) 
[Desc]Node[775] 格式不符!! 找不到標籤"[color_correction]" (S775.ini) 
[Desc]Node[776] 格式不符!! 找不到標籤"[color_correction]" (S776.ini) 
[Desc]Node[777] 格式不符!! 找不到標籤"[color_correction]" (S777.ini) 
[Desc]Node[778] 格式不符!! 找不到標籤"[color_correction]" (S778.ini) 
[Desc]Node[793] 格式不符!! 找不到標籤"[color_correction]" (S793.ini) 
[Desc]Node[819] 格式不符!! 找不到標籤"[color_correction]" (S819.ini) 
[Desc]Node[820] 格式不符!! 找不到標籤"[color_correction]" (S820.ini) 
[Desc]Node[821] 格式不符!! 找不到標籤"[color_correction]" (S821.ini) 
[Desc]Node[822] 格式不符!! 找不到標籤"[color_correction]" (S822.ini) 
[Desc]Node[823] 格式不符!! 找不到標籤"[color_correction]" (S823.ini) 
[Desc]Node[824] 格式不符!! 找不到標籤"[color_correction]" (S824.ini) 
[Desc]Node[825] 格式不符!! 找不到標籤"[color_correction]" (S825.ini) 
[Desc]Node[826] 格式不符!! 找不到標籤"[color_correction]" (S826.ini) 
[Desc]Node[827] 格式不符!! 找不到標籤"[color_correction]" (S827.ini) 
[Desc]Node[828] 格式不符!! 找不到標籤"[color_correction]" (S828.ini) 
[Desc]Node[829] 格式不符!! 找不到標籤"[color_correction]" (S829.ini) 
[Desc]Node[830] 格式不符!! 找不到標籤"[color_correction]" (S830.ini) 
[Desc]Node[831] 格式不符!! 找不到標籤"[color_correction]" (S831.ini) 
[Desc]Node[832] 格式不符!! 找不到標籤"[color_correction]" (S832.ini) 
[Desc]Node[833] 格式不符!! 找不到標籤"[color_correction]" (S833.ini) 
[Desc]Node[834] 格式不符!! 找不到標籤"[color_correction]" (S834.ini) 
[Desc]Node[835] 格式不符!! 找不到標籤"[color_correction]" (S835.ini) 
[Desc]Node[836] 格式不符!! 找不到標籤"[color_correction]" (S836.ini) 
[Desc]Node[837] 格式不符!! 找不到標籤"[color_correction]" (S837.ini) 
[Desc]Node[838] 格式不符!! 找不到標籤"[color_correction]" (S838.ini) 
[Desc]Node[839] 格式不符!! 找不到標籤"[color_correction]" (S839.ini) 
[Desc]Node[840] 格式不符!! 找不到標籤"[color_correction]" (S840.ini) 
[Desc]Node[841] 格式不符!! 找不到標籤"[color_correction]" (S841.ini) 
[Desc]Node[842] 格式不符!! 找不到標籤"[color_correction]" (S842.ini) 
[Desc]Node[843] 格式不符!! 找不到標籤"[color_correction]" (S843.ini) 
[Desc]Node[844] 格式不符!! 找不到標籤"[color_correction]" (S844.ini) 
[Desc]Node[845] 格式不符!! 找不到標籤"[color_correction]" (S845.ini) 
[Desc]Node[846] 格式不符!! 找不到標籤"[color_correction]" (S846.ini) 
[Desc]Node[847] 格式不符!! 找不到標籤"[color_correction]" (S847.ini) 
[Desc]Node[848] 格式不符!! 找不到標籤"[color_correction]" (S848.ini) 
[Desc]Node[849] 格式不符!! 找不到標籤"[color_correction]" (S849.ini) 
[Desc]Node[850] 格式不符!! 找不到標籤"[color_correction]" (S850.ini) 
[Desc]Node[851] 格式不符!! 找不到標籤"[color_correction]" (S851.ini) 
[Desc]Node[852] 格式不符!! 找不到標籤"[color_correction]" (S852.ini) 
[Desc]Node[853] 格式不符!! 找不到標籤"[color_correction]" (S853.ini) 
[Desc]Node[854] 格式不符!! 找不到標籤"[color_correction]" (S854.ini) 
[Desc]Node[855] 格式不符!! 找不到標籤"[color_correction]" (S855.ini) 
[Desc]Node[856] 格式不符!! 找不到標籤"[color_correction]" (S856.ini) 
[Desc]Node[857] 格式不符!! 找不到標籤"[color_correction]" (S857.ini) 
[Desc]Node[858] 格式不符!! 找不到標籤"[color_correction]" (S858.ini) 
[Desc]Node[910] 格式不符!! 找不到標籤"[color_correction]" (S910.ini) 
[Desc]Node[994] 格式不符!! 找不到標籤"[color_correction]" (S994.ini) 
[Desc]Node[999] 格式不符!! 找不到標籤"[color_correction]" (S999.ini) 
[Desc]Init 3D System Success. 
[Desc]LOG - Load Scene begin... 
[Desc]Log - Load CZone: S099
 
[Desc]Log - Load FSM Begin... 
[Desc]Log - Load FSM GrassList... 
[Desc]Log - Load FSM Object... 
[Desc]Log - Load FSM End...
 
[Desc]Log - Load Terrain Object Begin... 
[Desc]Scene Object Total: 1657 
[Desc]Log - Load Terrain Object End... Time=[0.194946]
 
[Desc]LOG - Load Scene end... 
[Desc]LOG - Load SMP begin... 
[Desc]LOG - Load SMP end... 
[Desc]LOG - Load PGP begin... 
[Desc]ERROR : Load PGP Failed 
[Desc]LOG - Load PGP end... 
[Desc]LOG - Load Bullet begin... 
[Desc]LOG - Load Bullet end... 
[Desc][LOGIN] 
[Desc][SELECT WORLD SERVER] 
[Desc]00 Weapon Not Found!! 
[Desc]00 Weapon Not Found!! 
[Desc][CHARACTER MANAGEMENT] 
[Desc][EnterNode]
 
[Desc]LOG - Free CZone begin... 
[Desc]LOG - Free CZone end... 
[Desc]LOG - Free PGP begin... 
[Desc]LOG - Free PGP end... 
[Desc]Create Player Model. 
[Desc]FILE: d:\work\tw\4pclient\elfclient\ui_game\ceguiinterface\CeUIFrameWindow.inl (51)

IGetWindow [ Root/CrystalLotteryWnd/Static/Border1/PetInfo ] Ptr is NULL 
[Desc]00 Weapon Not Found!! 
[Desc]00 Weapon Not Found!! 
[Desc]00 Weapon Not Found!! 
[Desc]Failed to load sound bgm\sound009.ogg 
[Desc][GAME] 
[Desc]LOG - Load Scene begin... 
[Desc]Log - Load CZone: S032
 
[Desc]Log - Load FSM Begin... 
[Desc]Log - Load FSM GrassList... 
[Desc]Log - Load FSM Object... 
[Desc]Log - Load FSM End...
 
[Desc]Log - Load Terrain Object Begin... 
[Desc]Scene Object Total: 2635 
2024/03/24 19:36:39 [File]..\HighLand.cpp [Line]1404 [Desc]Cannot found object [(null)]
 
[Desc]Log - Load Terrain Object End... Time=[0.245680]
 
[Desc]LOG - Load Scene end... 
[Desc]LOG - Load SMP begin... 
[Desc]LOG - Load SMP end... 
[Desc]LOG - Load PGP begin... 
[Desc]LOG - Load PGP end... 
[Desc]LOG - Load Bullet begin... 
[Desc]LOG - Load Bullet end... 
[Desc]Failed to load sound bgm\sound009.ogg 
2024/03/24 19:36:41 [File]..\CharAttrib.cpp [Line]1155 [Desc]Warning: SCharAttrib::AutoQuestList::InitialAutoQuest receives missions, but none of them are acceptable. 
2024/03/24 19:36:41 [File]..\CharAttrib.cpp [Line]1157 [Desc]Warning: SCharAttrib::AutoQuestList::InitialAutoQuest has nothing done. This may mean calling this method is duplicate. 
2024/03/24 19:36:41 [File]..\CharAttrib.cpp [Line]1080 [Desc]Normal: SCharAttrib::AutoQuestList::UpdateAllQuests has done the change. 
2024/03/24 19:36:41 [File]..\CharAttrib.cpp [Line]1083 [Desc]Waring: SCharAttrib::AutoQuestList::UpdateAllQuests has nothing done. This may mean calling this method is duplicate. 
[Desc]LOG - Free CZone begin... 
[Desc]LOG - Free CZone end... 
[Desc]LOG - Free PGP begin... 
[Desc]LOG - Free PGP end... 
[Desc]DESTORY APP
 
