17/11/2022 01:45:02 (Std) 	+-+-+-+-+-+-+-+-+-+-+-+-+-+-+-+-+-+-+-+-+-+-+-+-+-+-+-+-+-+-+-+-+-+-+-+-+-+-+-+
17/11/2022 01:45:02 (Std) 	+                     Crazy Eddie's GUI System - Event log                    +
17/11/2022 01:45:02 (Std) 	+                          (http://www.cegui.org.uk/)                         +
17/11/2022 01:45:02 (Std) 	+-+-+-+-+-+-+-+-+-+-+-+-+-+-+-+-+-+-+-+-+-+-+-+-+-+-+-+-+-+-+-+-+-+-+-+-+-+-+-+

17/11/2022 01:45:02 (Std) 	CEGUI::Logger singleton created. (1C774010)
17/11/2022 01:45:02 (Std) 	
17/11/2022 01:45:02 (Std) 	********************************************************************************
17/11/2022 01:45:02 (Std) 	* Important:                                                                   *
17/11/2022 01:45:02 (Std) 	*     To get support at the CEGUI forums, you must post _at least_ the section *
17/11/2022 01:45:02 (Std) 	*     of this log file indicated below.  Failure to do this will result in no  *
17/11/2022 01:45:02 (Std) 	*     support being given; please do not waste our time.                       *
17/11/2022 01:45:02 (Std) 	********************************************************************************
17/11/2022 01:45:02 (Std) 	********************************************************************************
17/11/2022 01:45:02 (Std) 	* -------- START OF ESSENTIAL SECTION TO BE POSTED ON THE FORUM       -------- *
17/11/2022 01:45:02 (Std) 	********************************************************************************
17/11/2022 01:45:02 (Std) 	---- Version 0.7.5 (Build: Jul 30 2019 Static Microsoft Windows MSVC++ 8.0 32 bit) ----
17/11/2022 01:45:02 (Std) 	---- Renderer module is: CEGUI::GamebryoRenderer - EASYFUN Gamebryo based renderer module. ----
17/11/2022 01:45:02 (Std) 	---- XML Parser module is: CEGUI::RapidXMLParser - Official RapidXML based parser module for CEGUI ----
17/11/2022 01:45:02 (Std) 	---- Image Codec module is: CEGUI::DummyImageCodec - EASYFUN Dummy image codec ----
17/11/2022 01:45:02 (Std) 	---- Scripting module is: None ----
17/11/2022 01:45:02 (Std) 	********************************************************************************
17/11/2022 01:45:02 (Std) 	* -------- END OF ESSENTIAL SECTION TO BE POSTED ON THE FORUM         -------- *
17/11/2022 01:45:02 (Std) 	********************************************************************************
17/11/2022 01:45:02 (Std) 	
17/11/2022 01:45:02 (Std) 	---- Begining CEGUI System initialisation ----
17/11/2022 01:45:02 (Std) 	CEGUI::ImagesetManager singleton created (1DA6A290)
17/11/2022 01:45:02 (Std) 	CEGUI::FontManager singleton created. (1C76C910)
17/11/2022 01:45:02 (Std) 	CEGUI::WindowFactoryManager singleton created
17/11/2022 01:45:02 (Std) 	CEGUI::WindowManager singleton created (1DB51120)
17/11/2022 01:45:02 (Std) 	CEGUI::SchemeManager singleton created. (1E2B9AD0)
17/11/2022 01:45:02 (Std) 	CEGUI::MouseCursor singleton created. (1D44D5A0)
17/11/2022 01:45:02 (Std) 	CEGUI::GlobalEventSet singleton created. (2243A080)
17/11/2022 01:45:02 (Std) 	CEGUI::AnimationManager singleton created (1E5C80B0)
17/11/2022 01:45:02 (Std) 	CEGUI::WidgetLookManager singleton created. (19824B70)
17/11/2022 01:45:02 (Std) 	CEGUI::WindowRendererManager singleton created (210EBE90)
17/11/2022 01:45:02 (Std) 	CEGUI::RenderEffectManager singleton created (22AEF7C0)
17/11/2022 01:45:02 (Std) 	Created WindowFactory for 'DefaultWindow' windows.
17/11/2022 01:45:02 (Std) 	WindowFactory for 'DefaultWindow' windows added. (1D06F8C0)
17/11/2022 01:45:02 (Std) 	Created WindowFactory for 'DragContainer' windows.
17/11/2022 01:45:02 (Std) 	WindowFactory for 'DragContainer' windows added. (1E9522F0)
17/11/2022 01:45:02 (Std) 	Created WindowFactory for 'ScrolledContainer' windows.
17/11/2022 01:45:02 (Std) 	WindowFactory for 'ScrolledContainer' windows added. (1D053190)
17/11/2022 01:45:02 (Std) 	Created WindowFactory for 'ClippedContainer' windows.
17/11/2022 01:45:02 (Std) 	WindowFactory for 'ClippedContainer' windows added. (1E1A7DD0)
17/11/2022 01:45:02 (Std) 	Created WindowFactory for 'CEGUI/Checkbox' windows.
17/11/2022 01:45:02 (Std) 	WindowFactory for 'CEGUI/Checkbox' windows added. (1BC61510)
17/11/2022 01:45:02 (Std) 	Created WindowFactory for 'CEGUI/PushButton' windows.
17/11/2022 01:45:02 (Std) 	WindowFactory for 'CEGUI/PushButton' windows added. (1E118470)
17/11/2022 01:45:02 (Std) 	Created WindowFactory for 'CEGUI/RadioButton' windows.
17/11/2022 01:45:02 (Std) 	WindowFactory for 'CEGUI/RadioButton' windows added. (1DAAE0A0)
17/11/2022 01:45:02 (Std) 	Created WindowFactory for 'CEGUI/Combobox' windows.
17/11/2022 01:45:02 (Std) 	WindowFactory for 'CEGUI/Combobox' windows added. (2E382B00)
17/11/2022 01:45:02 (Std) 	Created WindowFactory for 'CEGUI/ComboDropList' windows.
17/11/2022 01:45:02 (Std) 	WindowFactory for 'CEGUI/ComboDropList' windows added. (2EC30A70)
17/11/2022 01:45:02 (Std) 	Created WindowFactory for 'CEGUI/Editbox' windows.
17/11/2022 01:45:02 (Std) 	WindowFactory for 'CEGUI/Editbox' windows added. (2E398990)
17/11/2022 01:45:02 (Std) 	Created WindowFactory for 'CEGUI/FrameWindow' windows.
17/11/2022 01:45:02 (Std) 	WindowFactory for 'CEGUI/FrameWindow' windows added. (1B68DEA0)
17/11/2022 01:45:02 (Std) 	Created WindowFactory for 'CEGUI/ItemEntry' windows.
17/11/2022 01:45:02 (Std) 	WindowFactory for 'CEGUI/ItemEntry' windows added. (2D7311C0)
17/11/2022 01:45:02 (Std) 	Created WindowFactory for 'CEGUI/Listbox' windows.
17/11/2022 01:45:02 (Std) 	WindowFactory for 'CEGUI/Listbox' windows added. (2F3F0A80)
17/11/2022 01:45:02 (Std) 	Created WindowFactory for 'CEGUI/ListHeader' windows.
17/11/2022 01:45:02 (Std) 	WindowFactory for 'CEGUI/ListHeader' windows added. (1E08D550)
17/11/2022 01:45:02 (Std) 	Created WindowFactory for 'CEGUI/ListHeaderSegment' windows.
17/11/2022 01:45:02 (Std) 	WindowFactory for 'CEGUI/ListHeaderSegment' windows added. (2D2F2530)
17/11/2022 01:45:02 (Std) 	Created WindowFactory for 'CEGUI/Menubar' windows.
17/11/2022 01:45:02 (Std) 	WindowFactory for 'CEGUI/Menubar' windows added. (1C70DC60)
17/11/2022 01:45:02 (Std) 	Created WindowFactory for 'CEGUI/PopupMenu' windows.
17/11/2022 01:45:02 (Std) 	WindowFactory for 'CEGUI/PopupMenu' windows added. (1D34DDD0)
17/11/2022 01:45:02 (Std) 	Created WindowFactory for 'CEGUI/MenuItem' windows.
17/11/2022 01:45:02 (Std) 	WindowFactory for 'CEGUI/MenuItem' windows added. (1E810330)
17/11/2022 01:45:02 (Std) 	Created WindowFactory for 'CEGUI/MultiColumnList' windows.
17/11/2022 01:45:02 (Std) 	WindowFactory for 'CEGUI/MultiColumnList' windows added. (1E595C50)
17/11/2022 01:45:02 (Std) 	Created WindowFactory for 'CEGUI/MultiLineEditbox' windows.
17/11/2022 01:45:02 (Std) 	WindowFactory for 'CEGUI/MultiLineEditbox' windows added. (1CEB6EB0)
17/11/2022 01:45:02 (Std) 	Created WindowFactory for 'CEGUI/ProgressBar' windows.
17/11/2022 01:45:02 (Std) 	WindowFactory for 'CEGUI/ProgressBar' windows added. (1A6F7A40)
17/11/2022 01:45:02 (Std) 	Created WindowFactory for 'CEGUI/ScrollablePane' windows.
17/11/2022 01:45:02 (Std) 	WindowFactory for 'CEGUI/ScrollablePane' windows added. (1E889070)
17/11/2022 01:45:02 (Std) 	Created WindowFactory for 'CEGUI/Scrollbar' windows.
17/11/2022 01:45:02 (Std) 	WindowFactory for 'CEGUI/Scrollbar' windows added. (1CEB4750)
17/11/2022 01:45:02 (Std) 	Created WindowFactory for 'CEGUI/Slider' windows.
17/11/2022 01:45:02 (Std) 	WindowFactory for 'CEGUI/Slider' windows added. (1DF84990)
17/11/2022 01:45:02 (Std) 	Created WindowFactory for 'CEGUI/Spinner' windows.
17/11/2022 01:45:02 (Std) 	WindowFactory for 'CEGUI/Spinner' windows added. (1DF9E380)
17/11/2022 01:45:02 (Std) 	Created WindowFactory for 'CEGUI/TabButton' windows.
17/11/2022 01:45:02 (Std) 	WindowFactory for 'CEGUI/TabButton' windows added. (19DE0300)
17/11/2022 01:45:02 (Std) 	Created WindowFactory for 'CEGUI/TabControl' windows.
17/11/2022 01:45:02 (Std) 	WindowFactory for 'CEGUI/TabControl' windows added. (1DB8B3D0)
17/11/2022 01:45:02 (Std) 	Created WindowFactory for 'CEGUI/Thumb' windows.
17/11/2022 01:45:02 (Std) 	WindowFactory for 'CEGUI/Thumb' windows added. (1D621950)
17/11/2022 01:45:02 (Std) 	Created WindowFactory for 'CEGUI/Titlebar' windows.
17/11/2022 01:45:02 (Std) 	WindowFactory for 'CEGUI/Titlebar' windows added. (203E8AD0)
17/11/2022 01:45:02 (Std) 	Created WindowFactory for 'CEGUI/Tooltip' windows.
17/11/2022 01:45:02 (Std) 	WindowFactory for 'CEGUI/Tooltip' windows added. (1DD73210)
17/11/2022 01:45:02 (Std) 	Created WindowFactory for 'CEGUI/ItemListbox' windows.
17/11/2022 01:45:02 (Std) 	WindowFactory for 'CEGUI/ItemListbox' windows added. (1B399CB0)
17/11/2022 01:45:02 (Std) 	Created WindowFactory for 'CEGUI/GroupBox' windows.
17/11/2022 01:45:02 (Std) 	WindowFactory for 'CEGUI/GroupBox' windows added. (1B1323B0)
17/11/2022 01:45:02 (Std) 	Created WindowFactory for 'CEGUI/Tree' windows.
17/11/2022 01:45:02 (Std) 	WindowFactory for 'CEGUI/Tree' windows added. (1AA41F70)
17/11/2022 01:45:02 (Std) 	Created WindowFactory for 'HorizontalLayoutContainer' windows.
17/11/2022 01:45:02 (Std) 	WindowFactory for 'HorizontalLayoutContainer' windows added. (19B6C8D0)
17/11/2022 01:45:02 (Std) 	Created WindowFactory for 'VerticalLayoutContainer' windows.
17/11/2022 01:45:02 (Std) 	WindowFactory for 'VerticalLayoutContainer' windows added. (0CD832B0)
17/11/2022 01:45:02 (Std) 	Created WindowFactory for 'GridLayoutContainer' windows.
17/11/2022 01:45:02 (Std) 	WindowFactory for 'GridLayoutContainer' windows added. (19D183C0)
17/11/2022 01:45:02 (Std) 	Created WindowFactory for 'CEGUI/SlotImageItem' windows.
17/11/2022 01:45:02 (Std) 	WindowFactory for 'CEGUI/SlotImageItem' windows added. (1BDDA290)
17/11/2022 01:45:02 (Std) 	Created WindowFactory for 'CEGUI/RoundImage' windows.
17/11/2022 01:45:02 (Std) 	WindowFactory for 'CEGUI/RoundImage' windows added. (1BD5EF80)
17/11/2022 01:45:02 (Std) 	Window type alias named 'DefaultGUISheet' added for window type 'DefaultWindow'.
17/11/2022 01:45:02 (Std) 	CEGUI::System singleton created. (21597680)
17/11/2022 01:45:02 (Std) 	---- CEGUI System initialisation completed ----
17/11/2022 01:45:02 (Std) 	
17/11/2022 01:45:23 (Error)	CEGUI::UnknownObjectException in file ..\..\..\cegui\src\CEGUIWindowManager.cpp(256) : WindowManager::getWindow - A Window object with the name 'Root/CrystalLotteryWnd/Static/Border1/PetInfo' does not exist within the system
